[2016-03-18 16:47:09] START
[2016-03-27 18:43:13] CREATE default.py: 0
[2016-03-27 18:43:32] EDIT Cook/controllers/default.py: 61
[2016-03-27 18:44:48] EDIT Cook/models/db.py: 0
[2016-03-27 18:46:04] EDIT Cook/models/db.py: 1
[2016-03-27 18:47:03] EDIT Cook/models/db.py: -1
[2016-03-27 22:27:48] EDIT Cook/models/db.py: 0
[2016-03-27 22:29:38] EDIT Cook/models/db.py: -1
[2016-03-27 22:36:42] EDIT Cook/views/default/show.html: 0
[2016-03-27 22:36:44] EDIT Cook/models/db.py: 0
[2016-03-27 22:37:21] EDIT Cook/models/db.py: 0
[2016-03-27 22:39:34] EDIT Cook/models/db.py: 1
[2016-03-27 22:41:03] EDIT Cook/views/default/show.html: 0
[2016-03-27 22:41:41] EDIT Cook/models/db.py: 0
[2016-03-27 23:12:41] EDIT Cook/views/default/index.html: 3
[2016-03-27 23:13:03] EDIT Cook/views/default/index.html: -1
[2016-03-27 23:19:02] EDIT Cook/views/default/find.html: 0
[2016-03-27 23:19:05] EDIT Cook/models/db.py: 0
[2016-03-27 23:19:06] EDIT Cook/controllers/default.py: 0
[2016-03-27 23:19:08] EDIT Cook/views/default/show.html: 0
[2016-03-27 23:34:13] EDIT Cook/views/default/index.html: -2
[2016-03-28 20:23:11] EDIT Cook/models/db.py: 0
[2016-03-28 20:23:20] EDIT Cook/models/db.py: 0
[2016-03-28 20:30:31] EDIT Cook/views/default/user.html: -17
[2016-03-28 20:40:24] EDIT Cook/controllers/default.py: 1
[2016-03-28 20:41:20] EDIT Cook/controllers/default.py: 3
[2016-03-28 20:43:47] EDIT Cook/controllers/default.py: 0
[2016-03-28 20:52:37] EDIT Cook/controllers/default.py: 1
[2016-03-28 20:57:28] EDIT Cook/models/db.py: 6
[2016-03-28 20:57:43] EDIT Cook/models/db.py: -1
[2016-03-28 23:11:56] EDIT Cook/controllers/default.py: 1
[2016-03-28 23:13:41] EDIT Cook/controllers/default.py: 1
[2016-03-28 23:14:43] EDIT Cook/controllers/default.py: -1
[2016-03-28 23:18:14] EDIT Cook/models/db.py: 2
[2016-03-28 23:20:36] EDIT Cook/models/db.py: 1
[2016-03-28 23:24:29] EDIT Cook/views/default/upload.html: 1
[2016-03-28 23:24:30] EDIT Cook/views/default/upload.html: 0
[2016-03-28 23:26:26] EDIT Cook/models/db.py: 0
[2016-03-28 23:26:28] EDIT Cook/views/default/upload.html: 0
[2016-03-28 23:27:27] EDIT Cook/models/db.py: 0
[2016-03-28 23:28:16] EDIT Cook/controllers/default.py: 17
[2016-03-28 23:29:21] EDIT Cook/controllers/default.py: 0
[2016-03-28 23:30:19] EDIT Cook/models/db.py: 0
[2016-03-28 23:30:56] EDIT Cook/controllers/default.py: 2
[2016-03-28 23:31:35] EDIT Cook/models/db.py: 1
[2016-03-28 23:34:21] EDIT Cook/controllers/default.py: 5
[2016-03-28 23:34:48] EDIT Cook/controllers/default.py: 0
[2016-03-28 23:37:38] EDIT Cook/controllers/default.py: 7
[2016-03-28 23:38:27] EDIT Cook/controllers/default.py: -1
[2016-03-28 23:39:10] EDIT Cook/controllers/default.py: -1
[2016-03-28 23:39:35] EDIT Cook/controllers/default.py: 0
[2016-03-28 23:45:47] EDIT Cook/controllers/default.py: 0
[2016-03-28 23:46:22] EDIT Cook/controllers/default.py: 0
[2016-03-28 23:50:47] EDIT Cook/models/db.py: 0
[2016-03-28 23:52:32] EDIT Cook/models/db.py: 1
[2016-03-28 23:11:16] EDIT Cook/controllers/default.py: 16
[2016-03-28 23:14:14] EDIT Cook/models/db.py: 0
[2016-03-28 23:15:42] EDIT Cook/controllers/default.py: 0
[2016-03-28 23:16:12] EDIT Cook/models/db.py: 0
[2016-03-28 23:23:01] EDIT Cook/controllers/default.py: 0
[2016-03-28 23:25:21] EDIT Cook/models/db.py: 0
[2016-03-28 23:26:19] EDIT Cook/models/db.py: 0
[2016-03-28 23:26:22] EDIT Cook/models/db.py: 0
[2016-03-28 23:29:12] EDIT Cook/controllers/default.py: 0
[2016-03-28 23:29:26] EDIT Cook/controllers/default.py: 2
[2016-03-28 23:30:15] EDIT Cook/controllers/default.py: 0
[2016-03-28 23:30:28] EDIT Cook/controllers/default.py: 1
[2016-03-28 23:42:32] EDIT Cook/controllers/default.py: 0
[2016-03-28 23:44:35] EDIT Cook/controllers/default.py: -40
[2016-03-28 23:46:12] EDIT Cook/views/default/user.html: 17
[2016-03-28 23:50:21] EDIT Cook/views/default/user.html: 0
[2016-03-28 23:51:51] EDIT Cook/views/default/index.html: 0
[2016-03-28 23:51:53] EDIT Cook/models/db.py: 0
[2016-03-28 23:51:55] EDIT Cook/views/default/show.html: 0
[2016-03-28 23:52:08] EDIT Cook/views/default/user.html: 0
[2016-03-29 01:15:45] EDIT Cook/controllers/default.py: 0
[2016-03-29 01:16:03] EDIT Cook/controllers/default.py: 0
[2016-03-29 01:16:23] EDIT Cook/controllers/default.py: -3
[2016-03-29 01:18:31] EDIT Cook/views/default/index.html: 0
[2016-03-29 01:19:31] EDIT Cook/controllers/default.py: 0
[2016-03-29 01:20:23] EDIT Cook/controllers/default.py: 3
[2016-03-29 01:20:40] EDIT Cook/controllers/default.py: 1
[2016-03-29 01:21:25] EDIT Cook/controllers/default.py: -2
[2016-03-29 01:21:57] EDIT Cook/controllers/default.py: -2
[2016-03-29 01:22:05] EDIT Cook/controllers/default.py: -1
[2016-03-29 01:24:14] EDIT Cook/controllers/default.py: 0
