[2016-04-04 23:12:32] START
[2016-04-09 19:52:37] EDIT projectify/models/db.py: 9
[2016-04-09 19:53:58] EDIT projectify/models/menu.py: 0
[2016-04-12 19:57:42] EDIT projectify/controllers/default.py: 19
[2016-04-12 19:58:01] EDIT projectify/controllers/default.py: 0
[2016-04-12 23:13:14] EDIT projectify/models/db.py: 5
[2016-04-12 23:14:02] EDIT projectify/models/db.py: 0
[2016-04-12 23:15:57] EDIT projectify/controllers/default.py: 0
[2016-04-12 23:17:34] EDIT projectify/controllers/default.py: 1
[2016-04-12 23:17:53] EDIT projectify/controllers/default.py: 0
[2016-04-12 23:18:05] EDIT projectify/controllers/default.py: 0
[2016-04-12 23:18:12] EDIT projectify/controllers/default.py: 0
[2016-04-12 23:18:14] EDIT projectify/controllers/default.py: 0
[2016-04-12 23:18:24] EDIT projectify/controllers/default.py: 0
[2016-04-12 23:18:42] EDIT projectify/controllers/default.py: 0
[2016-04-12 23:19:49] EDIT projectify/controllers/default.py: 0
[2016-04-12 23:19:58] EDIT projectify/controllers/default.py: 0
[2016-04-12 23:20:29] EDIT projectify/controllers/default.py: 0
[2016-04-12 23:20:50] EDIT projectify/controllers/default.py: 0
[2016-04-12 23:21:41] EDIT projectify/controllers/default.py: 0
[2016-04-12 23:21:52] EDIT projectify/controllers/default.py: 0
[2016-04-12 23:25:07] EDIT projectify/controllers/default.py: 3
[2016-04-12 23:25:16] EDIT projectify/controllers/default.py: 0
[2016-04-12 23:26:47] EDIT projectify/controllers/default.py: 5
[2016-04-12 23:29:20] EDIT projectify/controllers/default.py: 2
[2016-04-12 23:31:27] EDIT projectify/controllers/default.py: 2
[2016-04-12 23:32:52] EDIT projectify/views/default/show.html: 5
[2016-04-12 23:33:40] EDIT projectify/controllers/default.py: 12
[2016-04-12 23:34:31] EDIT projectify/controllers/default.py: 0
[2016-04-12 23:37:22] EDIT projectify/controllers/default.py: 0
[2016-04-12 23:42:30] EDIT projectify/views/default/show.html: 1
[2016-04-12 23:42:45] EDIT projectify/views/default/show.html: 0
[2016-04-12 23:43:16] EDIT projectify/views/default/show.html: 0
[2016-04-12 23:44:40] EDIT projectify/views/default/show.html: 1
[2016-04-12 23:45:21] EDIT projectify/views/default/show.html: 0
[2016-04-12 23:45:47] EDIT projectify/views/default/show.html: 0
[2016-04-12 23:46:06] EDIT projectify/views/default/show.html: 0
[2016-04-12 23:46:52] EDIT projectify/controllers/default.py: -1
[2016-04-12 23:46:57] EDIT projectify/views/default/show.html: 0
[2016-04-12 23:47:40] EDIT projectify/views/default/show.html: 0
[2016-04-12 23:53:14] EDIT projectify/views/default/show.html: 0
[2016-04-13 00:14:14] EDIT projectify/views/default/show.html: 0
[2016-04-13 00:15:22] EDIT projectify/views/default/show.html: 2
[2016-04-13 00:15:37] EDIT projectify/views/default/show.html: 0
[2016-04-13 00:16:45] EDIT projectify/views/default/show.html: 0
[2016-04-13 00:17:19] EDIT projectify/views/default/show.html: 0
[2016-04-13 00:17:51] EDIT projectify/views/default/show.html: 0
[2016-04-13 00:23:16] EDIT projectify/controllers/default.py: 0
[2016-04-13 00:26:14] EDIT projectify/controllers/default.py: 0
