timestamp: 2016-04-08T10:10:02.223192
CREATE TABLE auth_user(
    id INTEGER PRIMARY KEY AUTOINCREMENT,
    first_name CHAR(128),
    last_name CHAR(128),
    email CHAR(128) UNIQUE,
    password CHAR(512),
    address CHAR(512),
    city CHAR(512),
    zip CHAR(512),
    phone CHAR(512),
    registration_key CHAR(512),
    reset_password_key CHAR(512),
    registration_id CHAR(512)
);
success!
timestamp: 2016-04-08T10:10:02.229636
CREATE TABLE auth_group(
    id INTEGER PRIMARY KEY AUTOINCREMENT,
    role CHAR(512),
    description TEXT
);
success!
timestamp: 2016-04-08T10:10:02.239160
CREATE TABLE auth_membership(
    id INTEGER PRIMARY KEY AUTOINCREMENT,
    user_id INTEGER REFERENCES auth_user (id) ON DELETE CASCADE  ,
    group_id INTEGER REFERENCES auth_group (id) ON DELETE CASCADE  
);
success!
timestamp: 2016-04-08T10:10:02.250414
CREATE TABLE auth_permission(
    id INTEGER PRIMARY KEY AUTOINCREMENT,
    group_id INTEGER REFERENCES auth_group (id) ON DELETE CASCADE  ,
    name CHAR(512),
    table_name CHAR(512),
    record_id INTEGER
);
success!
timestamp: 2016-04-08T10:10:02.261649
CREATE TABLE auth_event(
    id INTEGER PRIMARY KEY AUTOINCREMENT,
    time_stamp TIMESTAMP,
    client_ip CHAR(512),
    user_id INTEGER REFERENCES auth_user (id) ON DELETE CASCADE  ,
    origin CHAR(512),
    description TEXT
);
success!
timestamp: 2016-04-08T10:10:02.273211
CREATE TABLE auth_cas(
    id INTEGER PRIMARY KEY AUTOINCREMENT,
    user_id INTEGER REFERENCES auth_user (id) ON DELETE CASCADE  ,
    created_on TIMESTAMP,
    service CHAR(512),
    ticket CHAR(512),
    renew CHAR(1)
);
success!
timestamp: 2016-04-08T10:10:02.281693
CREATE TABLE project(
    id INTEGER PRIMARY KEY AUTOINCREMENT,
    project_title TEXT,
    time_of_upload CHAR(512),
    folder CHAR(512),
    project_manual CHAR(512),
    description TEXT,
    likes CHAR(512),
    category CHAR(512)
);
success!
success!
timestamp: 2016-04-08T10:52:56.484934
ALTER TABLE auth_user ADD profession CHAR(512);
success!
success!
success!
success!
success!
success!
success!
success!
success!
success!
success!
success!
success!
success!
success!
success!
success!
success!
success!
success!
success!
success!
success!
success!
success!
success!
success!
success!
success!
success!
success!
success!
success!
success!
success!
success!
success!
success!
success!
success!
success!
success!
success!
success!
success!
success!
success!
timestamp: 2016-04-08T11:08:09.445078
ALTER TABLE auth_user ADD user_type CHAR(512);
success!
success!
success!
success!
success!
success!
success!
success!
success!
success!
success!
success!
success!
success!
success!
success!
timestamp: 2016-04-04T23:25:24.505224
CREATE TABLE cat(
    id INTEGER PRIMARY KEY AUTOINCREMENT,
    category CHAR(512)
);
success!
timestamp: 2016-04-04T23:25:24.511820
CREATE TABLE subcat(
    id INTEGER PRIMARY KEY AUTOINCREMENT,
    sub_category CHAR(512),
    category INTEGER REFERENCES cat (id) ON DELETE CASCADE  
);
success!
success!
success!
success!
success!
success!
success!
DELETE FROM cat;
DELETE FROM sqlite_sequence WHERE name='cat';
success!
DELETE FROM subcat;
DELETE FROM sqlite_sequence WHERE name='subcat';
success!
success!
success!
DELETE FROM cat;
DELETE FROM sqlite_sequence WHERE name='cat';
success!
DELETE FROM subcat;
DELETE FROM sqlite_sequence WHERE name='subcat';
success!
success!
success!
success!
success!
success!
success!
success!
success!
success!
success!
success!
success!
success!
success!
success!
success!
success!
success!
success!
success!
success!
success!
success!
success!
success!
success!
success!
success!
success!
success!
success!
success!
success!
success!
success!
success!
success!
success!
success!
success!
success!
success!
success!
success!
success!
success!
success!
success!
success!
success!
success!
success!
success!
success!
success!
success!
success!
success!
success!
success!
success!
success!
success!
success!
success!
success!
success!
success!
success!
success!
success!
success!
success!
success!
success!
success!
success!
success!
success!
success!
success!
success!
success!
success!
success!
success!
success!
success!
success!
success!
success!
success!
success!
success!
success!
success!
success!
success!
